Build started 10/05/2019 20:00:31.
     1>Project "E:\Uni Work\DirextX\DirectXWork\week18\DX11_CS3S664_Tutorial_18_START\DX11Proj.vcxproj" on node 2 (Build target(s)).
     1>ClCompile:
         C:\Program Files (x86)\Microsoft Visual Studio 12.0\VC\bin\CL.exe /c /ZI /nologo /W3 /WX- /sdl /Od /Oy- /D _XM_NO_INTRINSICS_ /D __GU_DEBUG_MEMORY__ /D WIN32 /D _DEBUG /D _WINDOWS /D _UNICODE /D UNICODE /Gm /EHsc /RTC1 /MDd /GS /fp:precise /Zc:wchar_t /Zc:forScope /Yu"stdafx.h" /Fp"Debug\DX11Proj.pch" /Fo"Debug\\" /Fd"Debug\vc120.pdb" /Gd /TP /analyze- /errorReport:prompt Source\Scene.cpp
         Scene.cpp
     1>e:\uni work\dirextx\directxwork\week18\dx11_cs3s664_tutorial_18_start\source\scene.cpp(180): warning C4305: 'argument' : truncation from 'double' to 'float'
     1>e:\uni work\dirextx\directxwork\week18\dx11_cs3s664_tutorial_18_start\source\scene.cpp(209): warning C4305: 'argument' : truncation from 'double' to 'float'
     1>e:\uni work\dirextx\directxwork\week18\dx11_cs3s664_tutorial_18_start\source\scene.cpp(215): warning C4305: 'argument' : truncation from 'double' to 'float'
     1>e:\uni work\dirextx\directxwork\week18\dx11_cs3s664_tutorial_18_start\source\scene.cpp(221): warning C4305: 'argument' : truncation from 'double' to 'float'
     1>e:\uni work\dirextx\directxwork\week18\dx11_cs3s664_tutorial_18_start\source\scene.cpp(227): warning C4305: 'argument' : truncation from 'double' to 'float'
     1>e:\uni work\dirextx\directxwork\week18\dx11_cs3s664_tutorial_18_start\source\scene.cpp(232): warning C4305: 'argument' : truncation from 'double' to 'float'
     1>e:\uni work\dirextx\directxwork\week18\dx11_cs3s664_tutorial_18_start\source\scene.cpp(237): warning C4305: 'argument' : truncation from 'double' to 'float'
     1>e:\uni work\dirextx\directxwork\week18\dx11_cs3s664_tutorial_18_start\source\scene.cpp(242): warning C4305: 'argument' : truncation from 'double' to 'float'
     1>e:\uni work\dirextx\directxwork\week18\dx11_cs3s664_tutorial_18_start\source\scene.cpp(247): warning C4305: 'argument' : truncation from 'double' to 'float'
     1>e:\uni work\dirextx\directxwork\week18\dx11_cs3s664_tutorial_18_start\source\scene.cpp(262): warning C4305: 'argument' : truncation from 'double' to 'float'
     1>e:\uni work\dirextx\directxwork\week18\dx11_cs3s664_tutorial_18_start\source\scene.cpp(263): warning C4305: 'argument' : truncation from 'double' to 'float'
     1>e:\uni work\dirextx\directxwork\week18\dx11_cs3s664_tutorial_18_start\source\scene.cpp(268): warning C4305: 'argument' : truncation from 'double' to 'float'
     1>e:\uni work\dirextx\directxwork\week18\dx11_cs3s664_tutorial_18_start\source\scene.cpp(286): warning C4305: 'argument' : truncation from 'double' to 'float'
     1>e:\uni work\dirextx\directxwork\week18\dx11_cs3s664_tutorial_18_start\source\scene.cpp(287): warning C4305: 'argument' : truncation from 'double' to 'float'
     1>e:\uni work\dirextx\directxwork\week18\dx11_cs3s664_tutorial_18_start\source\scene.cpp(349): warning C4244: '=' : conversion from 'double' to 'FLOAT', possible loss of data
       Link:
         C:\Program Files (x86)\Microsoft Visual Studio 12.0\VC\bin\link.exe /ERRORREPORT:PROMPT /OUT:"E:\Uni Work\DirextX\DirectXWork\week18\DX11_CS3S664_Tutorial_18_START\Debug\DX11Proj.exe" /INCREMENTAL /NOLOGO D3DCompiler.lib DirectXTK\bin\DirectXTK.lib DXGI.lib D3D11.lib Assimp\lib32\assimp.lib CoreStructures\CoreStructures.lib CGImport3\CGImport3.lib kernel32.lib user32.lib gdi32.lib winspool.lib comdlg32.lib advapi32.lib shell32.lib ole32.lib oleaut32.lib uuid.lib odbc32.lib odbccp32.lib kernel32.lib user32.lib gdi32.lib winspool.lib comdlg32.lib advapi32.lib shell32.lib ole32.lib oleaut32.lib uuid.lib odbc32.lib odbccp32.lib /MANIFEST /MANIFESTUAC:"level='asInvoker' uiAccess='false'" /manifest:embed /DEBUG /PDB:"E:\Uni Work\DirextX\DirectXWork\week18\DX11_CS3S664_Tutorial_18_START\Debug\DX11Proj.pdb" /SUBSYSTEM:WINDOWS /TLBID:1 /DYNAMICBASE /NXCOMPAT /IMPLIB:"E:\Uni Work\DirextX\DirectXWork\week18\DX11_CS3S664_Tutorial_18_START\Debug\DX11Proj.lib" /MACHINE:X86 Debug\Animation.obj
         Debug\BaseModel.obj
         Debug\Box.obj
         Debug\Camera.obj
         Debug\Effect.obj
         Debug\CGDConsole.obj
         Debug\Grid.obj
         Debug\Model.obj
         Debug\ParticleSystem.obj
         Debug\Scene.obj
         Debug\System.obj
         Debug\CGDClock.obj
         Debug\GUMemory.obj
         Debug\main.obj
         Debug\Material.obj
         Debug\Mesh.obj
         Debug\stdafx.obj
         Debug\Terrain.obj
         Debug\Texture.obj
         Debug\Triangle.obj
         Debug\Utils.obj
         DX11Proj.vcxproj -> E:\Uni Work\DirextX\DirectXWork\week18\DX11_CS3S664_Tutorial_18_START\Debug\DX11Proj.exe
     1>Done Building Project "E:\Uni Work\DirextX\DirectXWork\week18\DX11_CS3S664_Tutorial_18_START\DX11Proj.vcxproj" (Build target(s)).

Build succeeded.

Time Elapsed 00:00:02.00
